f:\code\projects\leap_painter\leap_painter\debug\vc140.pdb
f:\code\projects\leap_painter\leap_painter\debug\vc140.idb
f:\code\projects\leap_painter\leap_painter\debug\curve.obj
f:\code\projects\leap_painter\leap_painter\debug\ellip.obj
f:\code\projects\leap_painter\leap_painter\debug\line.obj
f:\code\projects\leap_painter\leap_painter\debug\rect.obj
f:\code\projects\leap_painter\leap_painter\debug\triangle.obj
f:\code\projects\leap_painter\leap_painter\debug\draw.obj
f:\code\projects\leap_painter\leap_painter\debug\tool.obj
f:\code\projects\leap_painter\debug\leap_painter.ilk
f:\code\projects\leap_painter\debug\leap_painter.exe
f:\code\projects\leap_painter\debug\leap_painter.pdb
f:\code\projects\leap_painter\leap_painter\debug\resource.res
f:\code\projects\leap_painter\leap_painter\debug\leap_painter.tlog\cl.command.1.tlog
f:\code\projects\leap_painter\leap_painter\debug\leap_painter.tlog\cl.read.1.tlog
f:\code\projects\leap_painter\leap_painter\debug\leap_painter.tlog\cl.write.1.tlog
f:\code\projects\leap_painter\leap_painter\debug\leap_painter.tlog\link.command.1.tlog
f:\code\projects\leap_painter\leap_painter\debug\leap_painter.tlog\link.read.1.tlog
f:\code\projects\leap_painter\leap_painter\debug\leap_painter.tlog\link.write.1.tlog
f:\code\projects\leap_painter\leap_painter\debug\leap_painter.tlog\rc.command.1.tlog
f:\code\projects\leap_painter\leap_painter\debug\leap_painter.tlog\rc.read.1.tlog
f:\code\projects\leap_painter\leap_painter\debug\leap_painter.tlog\rc.write.1.tlog
